0 info it worked if it ends with ok
1 verbose cli [ '/usr/local/bin/node',
1 verbose cli   '/usr/local/bin/npm',
1 verbose cli   'install',
1 verbose cli   'package.json' ]
2 info using npm@3.10.10
3 info using node@v6.10.0
4 silly loadCurrentTree Starting
5 silly install loadCurrentTree
6 silly install readLocalPackageData
7 silly fetchPackageMetaData package.json
8 silly fetchOtherPackageData package.json
9 silly cache add args [ 'package.json', null ]
10 verbose cache add spec package.json
11 silly cache add parsed spec Result {
11 silly cache add   raw: 'package.json',
11 silly cache add   scope: null,
11 silly cache add   escapedName: 'package.json',
11 silly cache add   name: null,
11 silly cache add   rawSpec: 'package.json',
11 silly cache add   spec: '/Users/benandre/crop/package.json',
11 silly cache add   type: 'local' }
12 silly addLocalTarball shasum (computed) e35b95788c382aaed15e4843c78391d52568f84e
13 verbose addTmpTarball /Users/benandre/crop/package.json not in flight; adding
14 verbose correctMkdir /Users/benandre/.npm correctMkdir not in flight; initializing
15 verbose addTmpTarball validating metadata from /Users/benandre/crop/package.json
16 verbose tar unpack /Users/benandre/crop/package.json
17 verbose tar unpacking to /var/folders/vv/8ht36jh5233668w2c6d353fm0000gn/T/npm-43025-2d812aff/unpack-0c66fa60
18 silly gentlyRm /var/folders/vv/8ht36jh5233668w2c6d353fm0000gn/T/npm-43025-2d812aff/unpack-0c66fa60 is being purged
19 verbose gentlyRm don't care about contents; nuking /var/folders/vv/8ht36jh5233668w2c6d353fm0000gn/T/npm-43025-2d812aff/unpack-0c66fa60
20 silly gunzTarPerm modes [ '755', '644' ]
21 error not a package /Users/benandre/crop/package.json
22 error addLocal Could not install /Users/benandre/crop/package.json
23 silly fetchPackageMetaData Error: ENOENT: no such file or directory, open '/var/folders/vv/8ht36jh5233668w2c6d353fm0000gn/T/npm-43025-2d812aff/unpack-0c66fa60/package.json'
23 silly fetchPackageMetaData     at Error (native)
23 silly fetchPackageMetaData  error for package.json { Error: ENOENT: no such file or directory, open '/var/folders/vv/8ht36jh5233668w2c6d353fm0000gn/T/npm-43025-2d812aff/unpack-0c66fa60/package.json'
23 silly fetchPackageMetaData     at Error (native)
23 silly fetchPackageMetaData   errno: -2,
23 silly fetchPackageMetaData   code: 'ENOENT',
23 silly fetchPackageMetaData   syscall: 'open',
23 silly fetchPackageMetaData   path: '/var/folders/vv/8ht36jh5233668w2c6d353fm0000gn/T/npm-43025-2d812aff/unpack-0c66fa60/package.json' }
24 silly rollbackFailedOptional Starting
25 silly rollbackFailedOptional Finishing
26 silly runTopLevelLifecycles Finishing
27 silly install printInstalled
28 verbose stack Error: ENOENT: no such file or directory, open '/var/folders/vv/8ht36jh5233668w2c6d353fm0000gn/T/npm-43025-2d812aff/unpack-0c66fa60/package.json'
28 verbose stack     at Error (native)
29 verbose cwd /Users/benandre/crop
30 error Darwin 17.4.0
31 error argv "/usr/local/bin/node" "/usr/local/bin/npm" "install" "package.json"
32 error node v6.10.0
33 error npm  v3.10.10
34 error path /var/folders/vv/8ht36jh5233668w2c6d353fm0000gn/T/npm-43025-2d812aff/unpack-0c66fa60/package.json
35 error code ENOENT
36 error errno -2
37 error syscall open
38 error enoent ENOENT: no such file or directory, open '/var/folders/vv/8ht36jh5233668w2c6d353fm0000gn/T/npm-43025-2d812aff/unpack-0c66fa60/package.json'
39 error enoent ENOENT: no such file or directory, open '/var/folders/vv/8ht36jh5233668w2c6d353fm0000gn/T/npm-43025-2d812aff/unpack-0c66fa60/package.json'
39 error enoent This is most likely not a problem with npm itself
39 error enoent and is related to npm not being able to find a file.
40 verbose exit [ -2, true ]
